+b 2
Breakpoint 1 at 0x40146e: file c:\Users\Ramyashree\csecondsem\C_activity_sets\set01\problem01.c, line 2.
+b3
Undefined command: "b3".  Try "help".
+b4
Undefined command: "b4".  Try "help".
+b 3
Note: breakpoint 1 also set at pc 0x40146e.
Breakpoint 2 at 0x40146e: file c:\Users\Ramyashree\csecondsem\C_activity_sets\set01\problem01.c, line 3.
+info b
Num     Type           Disp Enb Address    What
1       breakpoint     keep y   0x0040146e in main at c:\Users\Ramyashree\csecondsem\C_activity_sets\set01\problem01.c:2
2       breakpoint     keep y   0x0040146e in main at c:\Users\Ramyashree\csecondsem\C_activity_sets\set01\problem01.c:3
+r
Starting program: c:\Users\Ramyashree\csecondsem\C_activity_sets\set01/./problem01.exe 
[New Thread 8544.0x3f60]
[New Thread 8544.0x10b4]

Breakpoint 1, main () at c:\Users\Ramyashree\csecondsem\C_activity_sets\set01\problem01.c:5
5	    printf("Ramyashree G\n");
+n
6	    return 0;
+n
7	}+n
0x00401288 in __register_frame_info ()
+s
Single stepping until exit from function __register_frame_info,
which has no line number information.
0x0040128a in __register_frame_info ()
+q
A debugging session is active.

	Inferior 1 [process 8544] will be killed.

Quit anyway? (y or n) error return ../../gdb-7.6.1/gdb/windows-nat.c:1275 was 5
